<?xml version="1.0" encoding="UTF-8"?>
<testsuite xmlns:xsi="http://www.w3.org/2001/XMLSchema-instance" xsi:noNamespaceSchemaLocation="https://maven.apache.org/surefire/maven-surefire-plugin/xsd/surefire-test-report-3.0.xsd" version="3.0" name="com.example.demo.UserServiceApplicationTests" time="2.938" tests="2" errors="0" skipped="0" failures="0">
  <properties>
[...]
</properties>
  <testcase name="demoTest2" classname="com.example.demo.UserServiceApplicationTests" time="0.866">
    <system-out><![CDATA[22:31:38.957 [main] INFO org.springframework.test.context.support.AnnotationConfigContextLoaderUtils -- Could not detect default configuration classes for test class [com.example.demo.UserServiceApplicationTests]: UserServiceApplicationTests does not declare any static, non-private, non-final, nested classes annotated with @Configuration.
22:31:39.085 [main] INFO org.springframework.boot.test.context.SpringBootTestContextBootstrapper -- Found @SpringBootConfiguration com.example.demo.UserServiceApplication for test class com.example.demo.UserServiceApplicationTests

  .   ____          _            __ _ _
 /\\ / ___'_ __ _ _(_)_ __  __ _ \ \ \ \
( ( )\___ | '_ | '_| | '_ \/ _` | \ \ \ \
 \\/  ___)| |_)| | | | | || (_| |  ) ) ) )
  '  |____| .__|_| |_|_| |_\__, | / / / /
 =========|_|==============|___/=/_/_/_/
 :: Spring Boot ::                (v3.2.1)

2023-12-27T22:31:39.512+05:30  INFO 23112 --- [           main] c.e.demo.UserServiceApplicationTests     : Starting UserServiceApplicationTests using Java 17.0.1 with PID 23112 (started by rajen in D:\LocalWorkspace\user-service)
2023-12-27T22:31:39.515+05:30  INFO 23112 --- [           main] c.e.demo.UserServiceApplicationTests     : No active profile set, falling back to 1 default profile: "default"
2023-12-27T22:31:40.855+05:30  INFO 23112 --- [           main] c.e.demo.UserServiceApplicationTests     : Started UserServiceApplicationTests in 1.608 seconds (process running for 2.962)
]]></system-out>
  </testcase>
  <testcase name="contextLoads" classname="com.example.demo.UserServiceApplicationTests" time="0.003"/>
</testsuite>